<?xml version="1.0" encoding="UTF-8"?>
<testng-results ignored="0" total="0" passed="0" failed="0" skipped="0">
  <reporter-output>
  </reporter-output>
  <suite started-at="2023-07-13T11:19:07 EDT" name="Surefire suite" finished-at="2023-07-13T11:19:13 EDT" duration-ms="6558">
    <groups>
    </groups>
    <test started-at="2023-07-13T11:19:07 EDT" name="Surefire test" finished-at="2023-07-13T11:19:13 EDT" duration-ms="6558">
    </test> <!-- Surefire test -->
  </suite> <!-- Surefire suite -->
</testng-results>
